Mon Aug 12 2024 13:0:4 } [PH] error: 
Invalid `prisma.appointment.findMany()` invocation:


Can't reach database server at `localhost`:`5432`

Please make sure your database server is running at `localhost`:`5432`.
Mon Aug 12 2024 13:1:5 } [PH] error: 
Invalid `prisma.appointment.findMany()` invocation:


Can't reach database server at `localhost`:`5432`

Please make sure your database server is running at `localhost`:`5432`.
Mon Aug 12 2024 13:2:4 } [PH] error: 
Invalid `prisma.appointment.findMany()` invocation:


Can't reach database server at `localhost`:`5432`

Please make sure your database server is running at `localhost`:`5432`.
Mon Aug 12 2024 13:3:4 } [PH] error: 
Invalid `prisma.appointment.findMany()` invocation:


Can't reach database server at `localhost`:`5432`

Please make sure your database server is running at `localhost`:`5432`.
Mon Aug 12 2024 13:4:4 } [PH] error: 
Invalid `prisma.appointment.findMany()` invocation:


Can't reach database server at `localhost`:`5432`

Please make sure your database server is running at `localhost`:`5432`.
Mon Aug 12 2024 13:5:4 } [PH] error: 
Invalid `prisma.appointment.findMany()` invocation:


Can't reach database server at `localhost`:`5432`

Please make sure your database server is running at `localhost`:`5432`.
Mon Aug 12 2024 13:6:4 } [PH] error: 
Invalid `prisma.appointment.findMany()` invocation:


Can't reach database server at `localhost`:`5432`

Please make sure your database server is running at `localhost`:`5432`.
Mon Aug 12 2024 13:7:4 } [PH] error: 
Invalid `prisma.appointment.findMany()` invocation:


Can't reach database server at `localhost`:`5432`

Please make sure your database server is running at `localhost`:`5432`.
Mon Aug 12 2024 13:8:4 } [PH] error: 
Invalid `prisma.appointment.findMany()` invocation:


Can't reach database server at `localhost`:`5432`

Please make sure your database server is running at `localhost`:`5432`.
Mon Aug 12 2024 13:9:4 } [PH] error: 
Invalid `prisma.appointment.findMany()` invocation:


Can't reach database server at `localhost`:`5432`

Please make sure your database server is running at `localhost`:`5432`.
Mon Aug 12 2024 13:10:4 } [PH] error: 
Invalid `prisma.appointment.findMany()` invocation:


Can't reach database server at `localhost`:`5432`

Please make sure your database server is running at `localhost`:`5432`.
Mon Aug 12 2024 13:11:4 } [PH] error: 
Invalid `prisma.appointment.findMany()` invocation:


Can't reach database server at `localhost`:`5432`

Please make sure your database server is running at `localhost`:`5432`.
Mon Aug 12 2024 13:12:4 } [PH] error: 
Invalid `prisma.appointment.findMany()` invocation:


Can't reach database server at `localhost`:`5432`

Please make sure your database server is running at `localhost`:`5432`.
Mon Aug 12 2024 13:13:4 } [PH] error: 
Invalid `prisma.appointment.findMany()` invocation:


Can't reach database server at `localhost`:`5432`

Please make sure your database server is running at `localhost`:`5432`.
Mon Aug 12 2024 13:14:4 } [PH] error: 
Invalid `prisma.appointment.findMany()` invocation:


Can't reach database server at `localhost`:`5432`

Please make sure your database server is running at `localhost`:`5432`.
Mon Aug 12 2024 13:15:4 } [PH] error: 
Invalid `prisma.appointment.findMany()` invocation:


Can't reach database server at `localhost`:`5432`

Please make sure your database server is running at `localhost`:`5432`.
Mon Aug 12 2024 13:16:4 } [PH] error: 
Invalid `prisma.appointment.findMany()` invocation:


Can't reach database server at `localhost`:`5432`

Please make sure your database server is running at `localhost`:`5432`.
Mon Aug 12 2024 13:17:4 } [PH] error: 
Invalid `prisma.appointment.findMany()` invocation:


Can't reach database server at `localhost`:`5432`

Please make sure your database server is running at `localhost`:`5432`.
Mon Aug 12 2024 13:18:4 } [PH] error: 
Invalid `prisma.appointment.findMany()` invocation:


Can't reach database server at `localhost`:`5432`

Please make sure your database server is running at `localhost`:`5432`.
Mon Aug 12 2024 13:19:4 } [PH] error: 
Invalid `prisma.appointment.findMany()` invocation:


Can't reach database server at `localhost`:`5432`

Please make sure your database server is running at `localhost`:`5432`.
Mon Aug 12 2024 13:20:4 } [PH] error: 
Invalid `prisma.appointment.findMany()` invocation:


Can't reach database server at `localhost`:`5432`

Please make sure your database server is running at `localhost`:`5432`.
Mon Aug 12 2024 13:21:4 } [PH] error: 
Invalid `prisma.appointment.findMany()` invocation:


Can't reach database server at `localhost`:`5432`

Please make sure your database server is running at `localhost`:`5432`.
Mon Aug 12 2024 13:22:4 } [PH] error: 
Invalid `prisma.appointment.findMany()` invocation:


Can't reach database server at `localhost`:`5432`

Please make sure your database server is running at `localhost`:`5432`.
Mon Aug 12 2024 13:23:4 } [PH] error: 
Invalid `prisma.appointment.findMany()` invocation:


Can't reach database server at `localhost`:`5432`

Please make sure your database server is running at `localhost`:`5432`.
Mon Aug 12 2024 13:24:4 } [PH] error: 
Invalid `prisma.appointment.findMany()` invocation:


Can't reach database server at `localhost`:`5432`

Please make sure your database server is running at `localhost`:`5432`.
Mon Aug 12 2024 13:25:4 } [PH] error: 
Invalid `prisma.appointment.findMany()` invocation:


Can't reach database server at `localhost`:`5432`

Please make sure your database server is running at `localhost`:`5432`.
Mon Aug 12 2024 13:26:4 } [PH] error: 
Invalid `prisma.appointment.findMany()` invocation:


Can't reach database server at `localhost`:`5432`

Please make sure your database server is running at `localhost`:`5432`.
Mon Aug 12 2024 13:27:4 } [PH] error: 
Invalid `prisma.appointment.findMany()` invocation:


Can't reach database server at `localhost`:`5432`

Please make sure your database server is running at `localhost`:`5432`.
Mon Aug 12 2024 13:28:4 } [PH] error: 
Invalid `prisma.appointment.findMany()` invocation:


Can't reach database server at `localhost`:`5432`

Please make sure your database server is running at `localhost`:`5432`.
Mon Aug 12 2024 13:29:4 } [PH] error: 
Invalid `prisma.appointment.findMany()` invocation:


Can't reach database server at `localhost`:`5432`

Please make sure your database server is running at `localhost`:`5432`.
Mon Aug 12 2024 13:30:0 } [PH] error: 
Invalid `prisma.appointment.findMany()` invocation:


Database `DATABASE` does not exist on the database server at `localhost:5432`.
Mon Aug 12 2024 13:31:0 } [PH] error: 
Invalid `prisma.appointment.findMany()` invocation:


Database `DATABASE` does not exist on the database server at `localhost:5432`.
Mon Aug 12 2024 13:32:0 } [PH] error: 
Invalid `prisma.appointment.findMany()` invocation:


Database `DATABASE` does not exist on the database server at `localhost:5432`.
Mon Aug 12 2024 13:33:0 } [PH] error: 
Invalid `prisma.appointment.findMany()` invocation:


Database `DATABASE` does not exist on the database server at `localhost:5432`.
Mon Aug 12 2024 13:34:0 } [PH] error: 
Invalid `prisma.appointment.findMany()` invocation:


Database `DATABASE` does not exist on the database server at `localhost:5432`.
Mon Aug 12 2024 13:35:0 } [PH] error: 
Invalid `prisma.appointment.findMany()` invocation:


Database `DATABASE` does not exist on the database server at `localhost:5432`.
Mon Aug 12 2024 13:36:0 } [PH] error: 
Invalid `prisma.appointment.findMany()` invocation:


Database `DATABASE` does not exist on the database server at `localhost:5432`.
Mon Aug 12 2024 13:37:0 } [PH] error: 
Invalid `prisma.appointment.findMany()` invocation:


Database `DATABASE` does not exist on the database server at `localhost:5432`.
Mon Aug 12 2024 13:38:0 } [PH] error: 
Invalid `prisma.appointment.findMany()` invocation:


Database `DATABASE` does not exist on the database server at `localhost:5432`.
Mon Aug 12 2024 13:39:0 } [PH] error: 
Invalid `prisma.appointment.findMany()` invocation:


Database `DATABASE` does not exist on the database server at `localhost:5432`.
Mon Aug 12 2024 13:40:0 } [PH] error: 
Invalid `prisma.appointment.findMany()` invocation:


Database `DATABASE` does not exist on the database server at `localhost:5432`.
Mon Aug 12 2024 13:41:0 } [PH] error: 
Invalid `prisma.appointment.findMany()` invocation:


Database `DATABASE` does not exist on the database server at `localhost:5432`.
Mon Aug 12 2024 13:42:0 } [PH] error: 
Invalid `prisma.appointment.findMany()` invocation:


Database `DATABASE` does not exist on the database server at `localhost:5432`.
Mon Aug 12 2024 13:43:0 } [PH] error: 
Invalid `prisma.appointment.findMany()` invocation:


Database `DATABASE` does not exist on the database server at `localhost:5432`.
Mon Aug 12 2024 13:44:0 } [PH] error: 
Invalid `prisma.appointment.findMany()` invocation:


Database `DATABASE` does not exist on the database server at `localhost:5432`.
Mon Aug 12 2024 13:45:1 } [PH] error: 
Invalid `prisma.appointment.findMany()` invocation:


Database `DATABASE` does not exist on the database server at `localhost:5432`.
Mon Aug 12 2024 13:46:0 } [PH] error: 
Invalid `prisma.appointment.findMany()` invocation:


Database `DATABASE` does not exist on the database server at `localhost:5432`.
Mon Aug 12 2024 13:47:0 } [PH] error: 
Invalid `prisma.appointment.findMany()` invocation:


Database `DATABASE` does not exist on the database server at `localhost:5432`.
Mon Aug 12 2024 13:48:0 } [PH] error: 
Invalid `prisma.appointment.findMany()` invocation:


Database `DATABASE` does not exist on the database server at `localhost:5432`.
Mon Aug 12 2024 13:49:0 } [PH] error: 
Invalid `prisma.appointment.findMany()` invocation:


Database `DATABASE` does not exist on the database server at `localhost:5432`.
Mon Aug 12 2024 13:50:0 } [PH] error: 
Invalid `prisma.appointment.findMany()` invocation:


Database `DATABASE` does not exist on the database server at `localhost:5432`.
